<?xml version="1.0" encoding="UTF-8"?>
<!-- Generated by org.testng.reporters.JUnitReportReporter -->
<testsuite hostname="Nitin" failures="0" tests="1" name="com.spicejet.test.OneTripTest" time="26.008" errors="0" timestamp="2023-09-11T21:07:00 IST" skipped="0">
  <testcase classname="com.spicejet.test.OneTripTest" name="testOfOneWay" time="26.008"/>
  <system-out/>
</testsuite> <!-- com.spicejet.test.OneTripTest -->
