<?xml version="1.0" encoding="UTF-8"?>
<!-- Generated by org.testng.reporters.JUnitReportReporter -->
<testsuite hostname="Nitin" failures="0" tests="1" name="com.spicejet.test.OneTripTest" time="27.736" errors="0" timestamp="2023-09-11T19:29:51 IST" skipped="0">
  <testcase classname="com.spicejet.test.OneTripTest" name="testOfOneWay" time="27.736"/>
  <system-out/>
</testsuite> <!-- com.spicejet.test.OneTripTest -->
