<?xml version="1.0" encoding="UTF-8"?>
<!-- Generated by org.testng.reporters.JUnitReportReporter -->
<testsuite hostname="Nitin" failures="0" tests="1" name="com.spicejet.test.SignUpPageTest" time="98.707" errors="0" timestamp="2023-09-10T16:02:21 IST" skipped="0">
  <testcase classname="com.spicejet.test.SignUpPageTest" name="signUpPgTest" time="98.707"/>
  <system-out/>
</testsuite> <!-- com.spicejet.test.SignUpPageTest -->
