<?xml version="1.0" encoding="UTF-8"?>
<!-- Generated by org.testng.reporters.JUnitReportReporter -->
<testsuite hostname="Nitin" failures="0" tests="1" name="com.spicejet.test.LoginTest" time="52.418" errors="0" timestamp="2023-09-11T11:02:17 IST" skipped="0">
  <testcase classname="com.spicejet.test.LoginTest" name="click" time="52.418"/>
  <system-out/>
</testsuite> <!-- com.spicejet.test.LoginTest -->
