<?xml version="1.0" encoding="UTF-8"?>
<!-- Generated by org.testng.reporters.JUnitReportReporter -->
<testsuite hostname="Nitin" failures="0" tests="1" name="com.spicejet.test.ProceedToBookingTest" time="45.422" errors="0" timestamp="2023-09-12T19:28:38 IST" skipped="0">
  <testcase classname="com.spicejet.test.ProceedToBookingTest" name="proceedTest" time="45.422"/>
  <system-out/>
</testsuite> <!-- com.spicejet.test.ProceedToBookingTest -->
