<?xml version="1.0" encoding="UTF-8"?>
<!-- Generated by org.testng.reporters.JUnitReportReporter -->
<testsuite hostname="Nitin" failures="0" tests="1" name="com.spicejet.pages.LoginTest" time="6.920" errors="0" timestamp="2023-09-09T20:58:16 IST" skipped="0">
  <testcase classname="com.spicejet.pages.LoginTest" name="click" time="6.920"/>
  <system-out/>
</testsuite> <!-- com.spicejet.pages.LoginTest -->
