<?xml version="1.0" encoding="UTF-8"?>
<!-- Generated by org.testng.reporters.JUnitReportReporter -->
<testsuite hostname="Nitin" failures="0" tests="1" name="com.spicejet.test.NavigationTest" time="16.188" errors="0" timestamp="2023-09-10T16:00:31 IST" skipped="0">
  <testcase classname="com.spicejet.test.NavigationTest" name="click" time="16.188"/>
  <system-out/>
</testsuite> <!-- com.spicejet.test.NavigationTest -->
