<?xml version="1.0" encoding="UTF-8"?>
<!-- Generated by org.testng.reporters.JUnitReportReporter -->
<testsuite hostname="Nitin" failures="0" tests="1" name="com.spicejet.test.ChckFsatusManage" time="9.190" errors="0" timestamp="2023-09-13T20:46:09 IST" skipped="0">
  <testcase classname="com.spicejet.test.ChckFsatusManage" name="chkValidateTest" time="9.190"/>
  <system-out/>
</testsuite> <!-- com.spicejet.test.ChckFsatusManage -->
