<?xml version="1.0" encoding="UTF-8"?>
<!-- Generated by org.testng.reporters.JUnitReportReporter -->
<testsuite hostname="Nitin" failures="0" tests="1" name="com.spicejet.test.DummyPageTest" time="636.034" errors="0" timestamp="2023-09-13T15:11:12 IST" skipped="0">
  <testcase classname="com.spicejet.test.DummyPageTest" name="dummyTest" time="636.034"/>
  <system-out/>
</testsuite> <!-- com.spicejet.test.DummyPageTest -->
