<?xml version="1.0" encoding="UTF-8"?>
<!-- Generated by org.testng.reporters.JUnitReportReporter -->
<testsuite hostname="Nitin" failures="0" tests="1" name="com.spicejet.test.TwoWayTests" time="31.844" errors="0" timestamp="2023-09-11T21:02:48 IST" skipped="0">
  <testcase classname="com.spicejet.test.TwoWayTests" name="two" time="31.844"/>
  <system-out/>
</testsuite> <!-- com.spicejet.test.TwoWayTests -->
